<?xml version="1.0" encoding="UTF-8"?>
<testsuite xmlns:xsi="http://www.w3.org/2001/XMLSchema-instance" xsi:noNamespaceSchemaLocation="https://maven.apache.org/surefire/maven-surefire-plugin/xsd/surefire-test-report-3.0.xsd" version="3.0" name="com.example.redis.RedisApplicationTests" time="2.178" tests="1" errors="0" skipped="0" failures="0">
  <properties>
    <property name="java.specification.version" value="17"/>
    <property name="sun.jnu.encoding" value="UTF-8"/>
    <property name="java.class.path" value="/home/karakral/projects/redis/target/test-classes:/home/karakral/projects/redis/target/classes:/home/karakral/.m2/repository/org/springframework/boot/spring-boot-starter-jersey/3.2.4/spring-boot-starter-jersey-3.2.4.jar:/home/karakral/.m2/repository/org/springframework/boot/spring-boot-starter-json/3.2.4/spring-boot-starter-json-3.2.4.jar:/home/karakral/.m2/repository/com/fasterxml/jackson/core/jackson-databind/2.15.4/jackson-databind-2.15.4.jar:/home/karakral/.m2/repository/com/fasterxml/jackson/core/jackson-core/2.15.4/jackson-core-2.15.4.jar:/home/karakral/.m2/repository/com/fasterxml/jackson/datatype/jackson-datatype-jdk8/2.15.4/jackson-datatype-jdk8-2.15.4.jar:/home/karakral/.m2/repository/com/fasterxml/jackson/datatype/jackson-datatype-jsr310/2.15.4/jackson-datatype-jsr310-2.15.4.jar:/home/karakral/.m2/repository/com/fasterxml/jackson/module/jackson-module-parameter-names/2.15.4/jackson-module-parameter-names-2.15.4.jar:/home/karakral/.m2/repository/org/springframework/boot/spring-boot-starter-tomcat/3.2.4/spring-boot-starter-tomcat-3.2.4.jar:/home/karakral/.m2/repository/jakarta/annotation/jakarta.annotation-api/2.1.1/jakarta.annotation-api-2.1.1.jar:/home/karakral/.m2/repository/org/apache/tomcat/embed/tomcat-embed-core/10.1.19/tomcat-embed-core-10.1.19.jar:/home/karakral/.m2/repository/org/apache/tomcat/embed/tomcat-embed-el/10.1.19/tomcat-embed-el-10.1.19.jar:/home/karakral/.m2/repository/org/apache/tomcat/embed/tomcat-embed-websocket/10.1.19/tomcat-embed-websocket-10.1.19.jar:/home/karakral/.m2/repository/org/springframework/boot/spring-boot-starter-validation/3.2.4/spring-boot-starter-validation-3.2.4.jar:/home/karakral/.m2/repository/org/hibernate/validator/hibernate-validator/8.0.1.Final/hibernate-validator-8.0.1.Final.jar:/home/karakral/.m2/repository/com/fasterxml/classmate/1.6.0/classmate-1.6.0.jar:/home/karakral/.m2/repository/org/springframework/spring-web/6.1.5/spring-web-6.1.5.jar:/home/karakral/.m2/repository/org/springframework/spring-beans/6.1.5/spring-beans-6.1.5.jar:/home/karakral/.m2/repository/io/micrometer/micrometer-observation/1.12.4/micrometer-observation-1.12.4.jar:/home/karakral/.m2/repository/io/micrometer/micrometer-commons/1.12.4/micrometer-commons-1.12.4.jar:/home/karakral/.m2/repository/org/glassfish/jersey/containers/jersey-container-servlet-core/3.1.5/jersey-container-servlet-core-3.1.5.jar:/home/karakral/.m2/repository/jakarta/inject/jakarta.inject-api/2.0.1/jakarta.inject-api-2.0.1.jar:/home/karakral/.m2/repository/org/glassfish/jersey/core/jersey-common/3.1.5/jersey-common-3.1.5.jar:/home/karakral/.m2/repository/org/glassfish/hk2/osgi-resource-locator/1.0.3/osgi-resource-locator-1.0.3.jar:/home/karakral/.m2/repository/jakarta/ws/rs/jakarta.ws.rs-api/3.1.0/jakarta.ws.rs-api-3.1.0.jar:/home/karakral/.m2/repository/org/glassfish/jersey/containers/jersey-container-servlet/3.1.5/jersey-container-servlet-3.1.5.jar:/home/karakral/.m2/repository/org/glassfish/jersey/core/jersey-server/3.1.5/jersey-server-3.1.5.jar:/home/karakral/.m2/repository/org/glassfish/jersey/core/jersey-client/3.1.5/jersey-client-3.1.5.jar:/home/karakral/.m2/repository/jakarta/validation/jakarta.validation-api/3.0.2/jakarta.validation-api-3.0.2.jar:/home/karakral/.m2/repository/org/glassfish/jersey/ext/jersey-bean-validation/3.1.5/jersey-bean-validation-3.1.5.jar:/home/karakral/.m2/repository/org/jboss/logging/jboss-logging/3.5.3.Final/jboss-logging-3.5.3.Final.jar:/home/karakral/.m2/repository/org/glassfish/jersey/ext/jersey-spring6/3.1.5/jersey-spring6-3.1.5.jar:/home/karakral/.m2/repository/org/glassfish/jersey/inject/jersey-hk2/3.1.5/jersey-hk2-3.1.5.jar:/home/karakral/.m2/repository/org/glassfish/hk2/hk2-locator/3.0.5/hk2-locator-3.0.5.jar:/home/karakral/.m2/repository/org/glassfish/hk2/external/aopalliance-repackaged/3.0.5/aopalliance-repackaged-3.0.5.jar:/home/karakral/.m2/repository/org/javassist/javassist/3.29.2-GA/javassist-3.29.2-GA.jar:/home/karakral/.m2/repository/org/glassfish/hk2/hk2/3.0.5/hk2-3.0.5.jar:/home/karakral/.m2/repository/org/glassfish/hk2/hk2-utils/3.0.5/hk2-utils-3.0.5.jar:/home/karakral/.m2/repository/org/glassfish/hk2/hk2-api/3.0.5/hk2-api-3.0.5.jar:/home/karakral/.m2/repository/org/glassfish/hk2/hk2-core/3.0.5/hk2-core-3.0.5.jar:/home/karakral/.m2/repository/org/glassfish/hk2/hk2-runlevel/3.0.5/hk2-runlevel-3.0.5.jar:/home/karakral/.m2/repository/org/glassfish/hk2/class-model/3.0.5/class-model-3.0.5.jar:/home/karakral/.m2/repository/org/ow2/asm/asm-analysis/9.6/asm-analysis-9.6.jar:/home/karakral/.m2/repository/org/ow2/asm/asm-commons/9.6/asm-commons-9.6.jar:/home/karakral/.m2/repository/org/ow2/asm/asm-tree/9.6/asm-tree-9.6.jar:/home/karakral/.m2/repository/org/ow2/asm/asm-util/9.6/asm-util-9.6.jar:/home/karakral/.m2/repository/org/glassfish/hk2/spring-bridge/3.0.5/spring-bridge-3.0.5.jar:/home/karakral/.m2/repository/org/glassfish/jersey/media/jersey-media-json-jackson/3.1.5/jersey-media-json-jackson-3.1.5.jar:/home/karakral/.m2/repository/org/glassfish/jersey/ext/jersey-entity-filtering/3.1.5/jersey-entity-filtering-3.1.5.jar:/home/karakral/.m2/repository/com/fasterxml/jackson/core/jackson-annotations/2.15.4/jackson-annotations-2.15.4.jar:/home/karakral/.m2/repository/com/fasterxml/jackson/module/jackson-module-jakarta-xmlbind-annotations/2.15.4/jackson-module-jakarta-xmlbind-annotations-2.15.4.jar:/home/karakral/.m2/repository/org/springframework/boot/spring-boot-starter-web/3.2.4/spring-boot-starter-web-3.2.4.jar:/home/karakral/.m2/repository/org/springframework/boot/spring-boot-starter/3.2.4/spring-boot-starter-3.2.4.jar:/home/karakral/.m2/repository/org/springframework/boot/spring-boot/3.2.4/spring-boot-3.2.4.jar:/home/karakral/.m2/repository/org/springframework/boot/spring-boot-autoconfigure/3.2.4/spring-boot-autoconfigure-3.2.4.jar:/home/karakral/.m2/repository/org/springframework/boot/spring-boot-starter-logging/3.2.4/spring-boot-starter-logging-3.2.4.jar:/home/karakral/.m2/repository/ch/qos/logback/logback-classic/1.4.14/logback-classic-1.4.14.jar:/home/karakral/.m2/repository/ch/qos/logback/logback-core/1.4.14/logback-core-1.4.14.jar:/home/karakral/.m2/repository/org/apache/logging/log4j/log4j-to-slf4j/2.21.1/log4j-to-slf4j-2.21.1.jar:/home/karakral/.m2/repository/org/apache/logging/log4j/log4j-api/2.21.1/log4j-api-2.21.1.jar:/home/karakral/.m2/repository/org/slf4j/jul-to-slf4j/2.0.12/jul-to-slf4j-2.0.12.jar:/home/karakral/.m2/repository/org/yaml/snakeyaml/2.2/snakeyaml-2.2.jar:/home/karakral/.m2/repository/org/springframework/spring-webmvc/6.1.5/spring-webmvc-6.1.5.jar:/home/karakral/.m2/repository/org/springframework/spring-aop/6.1.5/spring-aop-6.1.5.jar:/home/karakral/.m2/repository/org/springframework/spring-context/6.1.5/spring-context-6.1.5.jar:/home/karakral/.m2/repository/org/springframework/spring-expression/6.1.5/spring-expression-6.1.5.jar:/home/karakral/.m2/repository/org/springframework/boot/spring-boot-starter-test/3.2.4/spring-boot-starter-test-3.2.4.jar:/home/karakral/.m2/repository/org/springframework/boot/spring-boot-test/3.2.4/spring-boot-test-3.2.4.jar:/home/karakral/.m2/repository/org/springframework/boot/spring-boot-test-autoconfigure/3.2.4/spring-boot-test-autoconfigure-3.2.4.jar:/home/karakral/.m2/repository/com/jayway/jsonpath/json-path/2.9.0/json-path-2.9.0.jar:/home/karakral/.m2/repository/jakarta/xml/bind/jakarta.xml.bind-api/4.0.2/jakarta.xml.bind-api-4.0.2.jar:/home/karakral/.m2/repository/jakarta/activation/jakarta.activation-api/2.1.3/jakarta.activation-api-2.1.3.jar:/home/karakral/.m2/repository/net/minidev/json-smart/2.5.0/json-smart-2.5.0.jar:/home/karakral/.m2/repository/net/minidev/accessors-smart/2.5.0/accessors-smart-2.5.0.jar:/home/karakral/.m2/repository/org/ow2/asm/asm/9.3/asm-9.3.jar:/home/karakral/.m2/repository/org/assertj/assertj-core/3.24.2/assertj-core-3.24.2.jar:/home/karakral/.m2/repository/net/bytebuddy/byte-buddy/1.14.12/byte-buddy-1.14.12.jar:/home/karakral/.m2/repository/org/awaitility/awaitility/4.2.0/awaitility-4.2.0.jar:/home/karakral/.m2/repository/org/hamcrest/hamcrest/2.2/hamcrest-2.2.jar:/home/karakral/.m2/repository/org/junit/jupiter/junit-jupiter/5.10.2/junit-jupiter-5.10.2.jar:/home/karakral/.m2/repository/org/junit/jupiter/junit-jupiter-api/5.10.2/junit-jupiter-api-5.10.2.jar:/home/karakral/.m2/repository/org/opentest4j/opentest4j/1.3.0/opentest4j-1.3.0.jar:/home/karakral/.m2/repository/org/junit/platform/junit-platform-commons/1.10.2/junit-platform-commons-1.10.2.jar:/home/karakral/.m2/repository/org/apiguardian/apiguardian-api/1.1.2/apiguardian-api-1.1.2.jar:/home/karakral/.m2/repository/org/junit/jupiter/junit-jupiter-params/5.10.2/junit-jupiter-params-5.10.2.jar:/home/karakral/.m2/repository/org/junit/jupiter/junit-jupiter-engine/5.10.2/junit-jupiter-engine-5.10.2.jar:/home/karakral/.m2/repository/org/junit/platform/junit-platform-engine/1.10.2/junit-platform-engine-1.10.2.jar:/home/karakral/.m2/repository/org/mockito/mockito-core/5.7.0/mockito-core-5.7.0.jar:/home/karakral/.m2/repository/net/bytebuddy/byte-buddy-agent/1.14.12/byte-buddy-agent-1.14.12.jar:/home/karakral/.m2/repository/org/objenesis/objenesis/3.3/objenesis-3.3.jar:/home/karakral/.m2/repository/org/mockito/mockito-junit-jupiter/5.7.0/mockito-junit-jupiter-5.7.0.jar:/home/karakral/.m2/repository/org/skyscreamer/jsonassert/1.5.1/jsonassert-1.5.1.jar:/home/karakral/.m2/repository/com/vaadin/external/google/android-json/0.0.20131108.vaadin1/android-json-0.0.20131108.vaadin1.jar:/home/karakral/.m2/repository/org/springframework/spring-core/6.1.5/spring-core-6.1.5.jar:/home/karakral/.m2/repository/org/springframework/spring-jcl/6.1.5/spring-jcl-6.1.5.jar:/home/karakral/.m2/repository/org/springframework/spring-test/6.1.5/spring-test-6.1.5.jar:/home/karakral/.m2/repository/org/xmlunit/xmlunit-core/2.9.1/xmlunit-core-2.9.1.jar:/home/karakral/.m2/repository/org/springframework/boot/spring-boot-starter-data-redis/3.2.4/spring-boot-starter-data-redis-3.2.4.jar:/home/karakral/.m2/repository/org/springframework/data/spring-data-redis/3.2.4/spring-data-redis-3.2.4.jar:/home/karakral/.m2/repository/org/springframework/data/spring-data-keyvalue/3.2.4/spring-data-keyvalue-3.2.4.jar:/home/karakral/.m2/repository/org/springframework/data/spring-data-commons/3.2.4/spring-data-commons-3.2.4.jar:/home/karakral/.m2/repository/org/springframework/spring-tx/6.1.5/spring-tx-6.1.5.jar:/home/karakral/.m2/repository/org/springframework/spring-oxm/6.1.5/spring-oxm-6.1.5.jar:/home/karakral/.m2/repository/org/springframework/spring-context-support/6.1.5/spring-context-support-6.1.5.jar:/home/karakral/.m2/repository/org/projectlombok/lombok/1.18.30/lombok-1.18.30.jar:/home/karakral/.m2/repository/redis/clients/jedis/5.0.2/jedis-5.0.2.jar:/home/karakral/.m2/repository/org/slf4j/slf4j-api/2.0.12/slf4j-api-2.0.12.jar:/home/karakral/.m2/repository/org/apache/commons/commons-pool2/2.12.0/commons-pool2-2.12.0.jar:/home/karakral/.m2/repository/org/json/json/20231013/json-20231013.jar:/home/karakral/.m2/repository/com/google/code/gson/gson/2.10.1/gson-2.10.1.jar:"/>
    <property name="java.vm.vendor" value="Oracle Corporation"/>
    <property name="sun.arch.data.model" value="64"/>
    <property name="java.vendor.url" value="https://java.oracle.com/"/>
    <property name="user.timezone" value="Asia/Tehran"/>
    <property name="org.jboss.logging.provider" value="slf4j"/>
    <property name="os.name" value="Linux"/>
    <property name="java.vm.specification.version" value="17"/>
    <property name="sun.java.launcher" value="SUN_STANDARD"/>
    <property name="user.country" value="US"/>
    <property name="sun.boot.library.path" value="/opt/jdk/jdk-17.0.2/lib"/>
    <property name="sun.java.command" value="/home/karakral/projects/redis/target/surefire/surefirebooter-20240325142024579_3.jar /home/karakral/projects/redis/target/surefire 2024-03-25T14-20-24_504-jvmRun1 surefire-20240325142024579_1tmp surefire_0-20240325142024579_2tmp"/>
    <property name="jdk.debug" value="release"/>
    <property name="surefire.test.class.path" value="/home/karakral/projects/redis/target/test-classes:/home/karakral/projects/redis/target/classes:/home/karakral/.m2/repository/org/springframework/boot/spring-boot-starter-jersey/3.2.4/spring-boot-starter-jersey-3.2.4.jar:/home/karakral/.m2/repository/org/springframework/boot/spring-boot-starter-json/3.2.4/spring-boot-starter-json-3.2.4.jar:/home/karakral/.m2/repository/com/fasterxml/jackson/core/jackson-databind/2.15.4/jackson-databind-2.15.4.jar:/home/karakral/.m2/repository/com/fasterxml/jackson/core/jackson-core/2.15.4/jackson-core-2.15.4.jar:/home/karakral/.m2/repository/com/fasterxml/jackson/datatype/jackson-datatype-jdk8/2.15.4/jackson-datatype-jdk8-2.15.4.jar:/home/karakral/.m2/repository/com/fasterxml/jackson/datatype/jackson-datatype-jsr310/2.15.4/jackson-datatype-jsr310-2.15.4.jar:/home/karakral/.m2/repository/com/fasterxml/jackson/module/jackson-module-parameter-names/2.15.4/jackson-module-parameter-names-2.15.4.jar:/home/karakral/.m2/repository/org/springframework/boot/spring-boot-starter-tomcat/3.2.4/spring-boot-starter-tomcat-3.2.4.jar:/home/karakral/.m2/repository/jakarta/annotation/jakarta.annotation-api/2.1.1/jakarta.annotation-api-2.1.1.jar:/home/karakral/.m2/repository/org/apache/tomcat/embed/tomcat-embed-core/10.1.19/tomcat-embed-core-10.1.19.jar:/home/karakral/.m2/repository/org/apache/tomcat/embed/tomcat-embed-el/10.1.19/tomcat-embed-el-10.1.19.jar:/home/karakral/.m2/repository/org/apache/tomcat/embed/tomcat-embed-websocket/10.1.19/tomcat-embed-websocket-10.1.19.jar:/home/karakral/.m2/repository/org/springframework/boot/spring-boot-starter-validation/3.2.4/spring-boot-starter-validation-3.2.4.jar:/home/karakral/.m2/repository/org/hibernate/validator/hibernate-validator/8.0.1.Final/hibernate-validator-8.0.1.Final.jar:/home/karakral/.m2/repository/com/fasterxml/classmate/1.6.0/classmate-1.6.0.jar:/home/karakral/.m2/repository/org/springframework/spring-web/6.1.5/spring-web-6.1.5.jar:/home/karakral/.m2/repository/org/springframework/spring-beans/6.1.5/spring-beans-6.1.5.jar:/home/karakral/.m2/repository/io/micrometer/micrometer-observation/1.12.4/micrometer-observation-1.12.4.jar:/home/karakral/.m2/repository/io/micrometer/micrometer-commons/1.12.4/micrometer-commons-1.12.4.jar:/home/karakral/.m2/repository/org/glassfish/jersey/containers/jersey-container-servlet-core/3.1.5/jersey-container-servlet-core-3.1.5.jar:/home/karakral/.m2/repository/jakarta/inject/jakarta.inject-api/2.0.1/jakarta.inject-api-2.0.1.jar:/home/karakral/.m2/repository/org/glassfish/jersey/core/jersey-common/3.1.5/jersey-common-3.1.5.jar:/home/karakral/.m2/repository/org/glassfish/hk2/osgi-resource-locator/1.0.3/osgi-resource-locator-1.0.3.jar:/home/karakral/.m2/repository/jakarta/ws/rs/jakarta.ws.rs-api/3.1.0/jakarta.ws.rs-api-3.1.0.jar:/home/karakral/.m2/repository/org/glassfish/jersey/containers/jersey-container-servlet/3.1.5/jersey-container-servlet-3.1.5.jar:/home/karakral/.m2/repository/org/glassfish/jersey/core/jersey-server/3.1.5/jersey-server-3.1.5.jar:/home/karakral/.m2/repository/org/glassfish/jersey/core/jersey-client/3.1.5/jersey-client-3.1.5.jar:/home/karakral/.m2/repository/jakarta/validation/jakarta.validation-api/3.0.2/jakarta.validation-api-3.0.2.jar:/home/karakral/.m2/repository/org/glassfish/jersey/ext/jersey-bean-validation/3.1.5/jersey-bean-validation-3.1.5.jar:/home/karakral/.m2/repository/org/jboss/logging/jboss-logging/3.5.3.Final/jboss-logging-3.5.3.Final.jar:/home/karakral/.m2/repository/org/glassfish/jersey/ext/jersey-spring6/3.1.5/jersey-spring6-3.1.5.jar:/home/karakral/.m2/repository/org/glassfish/jersey/inject/jersey-hk2/3.1.5/jersey-hk2-3.1.5.jar:/home/karakral/.m2/repository/org/glassfish/hk2/hk2-locator/3.0.5/hk2-locator-3.0.5.jar:/home/karakral/.m2/repository/org/glassfish/hk2/external/aopalliance-repackaged/3.0.5/aopalliance-repackaged-3.0.5.jar:/home/karakral/.m2/repository/org/javassist/javassist/3.29.2-GA/javassist-3.29.2-GA.jar:/home/karakral/.m2/repository/org/glassfish/hk2/hk2/3.0.5/hk2-3.0.5.jar:/home/karakral/.m2/repository/org/glassfish/hk2/hk2-utils/3.0.5/hk2-utils-3.0.5.jar:/home/karakral/.m2/repository/org/glassfish/hk2/hk2-api/3.0.5/hk2-api-3.0.5.jar:/home/karakral/.m2/repository/org/glassfish/hk2/hk2-core/3.0.5/hk2-core-3.0.5.jar:/home/karakral/.m2/repository/org/glassfish/hk2/hk2-runlevel/3.0.5/hk2-runlevel-3.0.5.jar:/home/karakral/.m2/repository/org/glassfish/hk2/class-model/3.0.5/class-model-3.0.5.jar:/home/karakral/.m2/repository/org/ow2/asm/asm-analysis/9.6/asm-analysis-9.6.jar:/home/karakral/.m2/repository/org/ow2/asm/asm-commons/9.6/asm-commons-9.6.jar:/home/karakral/.m2/repository/org/ow2/asm/asm-tree/9.6/asm-tree-9.6.jar:/home/karakral/.m2/repository/org/ow2/asm/asm-util/9.6/asm-util-9.6.jar:/home/karakral/.m2/repository/org/glassfish/hk2/spring-bridge/3.0.5/spring-bridge-3.0.5.jar:/home/karakral/.m2/repository/org/glassfish/jersey/media/jersey-media-json-jackson/3.1.5/jersey-media-json-jackson-3.1.5.jar:/home/karakral/.m2/repository/org/glassfish/jersey/ext/jersey-entity-filtering/3.1.5/jersey-entity-filtering-3.1.5.jar:/home/karakral/.m2/repository/com/fasterxml/jackson/core/jackson-annotations/2.15.4/jackson-annotations-2.15.4.jar:/home/karakral/.m2/repository/com/fasterxml/jackson/module/jackson-module-jakarta-xmlbind-annotations/2.15.4/jackson-module-jakarta-xmlbind-annotations-2.15.4.jar:/home/karakral/.m2/repository/org/springframework/boot/spring-boot-starter-web/3.2.4/spring-boot-starter-web-3.2.4.jar:/home/karakral/.m2/repository/org/springframework/boot/spring-boot-starter/3.2.4/spring-boot-starter-3.2.4.jar:/home/karakral/.m2/repository/org/springframework/boot/spring-boot/3.2.4/spring-boot-3.2.4.jar:/home/karakral/.m2/repository/org/springframework/boot/spring-boot-autoconfigure/3.2.4/spring-boot-autoconfigure-3.2.4.jar:/home/karakral/.m2/repository/org/springframework/boot/spring-boot-starter-logging/3.2.4/spring-boot-starter-logging-3.2.4.jar:/home/karakral/.m2/repository/ch/qos/logback/logback-classic/1.4.14/logback-classic-1.4.14.jar:/home/karakral/.m2/repository/ch/qos/logback/logback-core/1.4.14/logback-core-1.4.14.jar:/home/karakral/.m2/repository/org/apache/logging/log4j/log4j-to-slf4j/2.21.1/log4j-to-slf4j-2.21.1.jar:/home/karakral/.m2/repository/org/apache/logging/log4j/log4j-api/2.21.1/log4j-api-2.21.1.jar:/home/karakral/.m2/repository/org/slf4j/jul-to-slf4j/2.0.12/jul-to-slf4j-2.0.12.jar:/home/karakral/.m2/repository/org/yaml/snakeyaml/2.2/snakeyaml-2.2.jar:/home/karakral/.m2/repository/org/springframework/spring-webmvc/6.1.5/spring-webmvc-6.1.5.jar:/home/karakral/.m2/repository/org/springframework/spring-aop/6.1.5/spring-aop-6.1.5.jar:/home/karakral/.m2/repository/org/springframework/spring-context/6.1.5/spring-context-6.1.5.jar:/home/karakral/.m2/repository/org/springframework/spring-expression/6.1.5/spring-expression-6.1.5.jar:/home/karakral/.m2/repository/org/springframework/boot/spring-boot-starter-test/3.2.4/spring-boot-starter-test-3.2.4.jar:/home/karakral/.m2/repository/org/springframework/boot/spring-boot-test/3.2.4/spring-boot-test-3.2.4.jar:/home/karakral/.m2/repository/org/springframework/boot/spring-boot-test-autoconfigure/3.2.4/spring-boot-test-autoconfigure-3.2.4.jar:/home/karakral/.m2/repository/com/jayway/jsonpath/json-path/2.9.0/json-path-2.9.0.jar:/home/karakral/.m2/repository/jakarta/xml/bind/jakarta.xml.bind-api/4.0.2/jakarta.xml.bind-api-4.0.2.jar:/home/karakral/.m2/repository/jakarta/activation/jakarta.activation-api/2.1.3/jakarta.activation-api-2.1.3.jar:/home/karakral/.m2/repository/net/minidev/json-smart/2.5.0/json-smart-2.5.0.jar:/home/karakral/.m2/repository/net/minidev/accessors-smart/2.5.0/accessors-smart-2.5.0.jar:/home/karakral/.m2/repository/org/ow2/asm/asm/9.3/asm-9.3.jar:/home/karakral/.m2/repository/org/assertj/assertj-core/3.24.2/assertj-core-3.24.2.jar:/home/karakral/.m2/repository/net/bytebuddy/byte-buddy/1.14.12/byte-buddy-1.14.12.jar:/home/karakral/.m2/repository/org/awaitility/awaitility/4.2.0/awaitility-4.2.0.jar:/home/karakral/.m2/repository/org/hamcrest/hamcrest/2.2/hamcrest-2.2.jar:/home/karakral/.m2/repository/org/junit/jupiter/junit-jupiter/5.10.2/junit-jupiter-5.10.2.jar:/home/karakral/.m2/repository/org/junit/jupiter/junit-jupiter-api/5.10.2/junit-jupiter-api-5.10.2.jar:/home/karakral/.m2/repository/org/opentest4j/opentest4j/1.3.0/opentest4j-1.3.0.jar:/home/karakral/.m2/repository/org/junit/platform/junit-platform-commons/1.10.2/junit-platform-commons-1.10.2.jar:/home/karakral/.m2/repository/org/apiguardian/apiguardian-api/1.1.2/apiguardian-api-1.1.2.jar:/home/karakral/.m2/repository/org/junit/jupiter/junit-jupiter-params/5.10.2/junit-jupiter-params-5.10.2.jar:/home/karakral/.m2/repository/org/junit/jupiter/junit-jupiter-engine/5.10.2/junit-jupiter-engine-5.10.2.jar:/home/karakral/.m2/repository/org/junit/platform/junit-platform-engine/1.10.2/junit-platform-engine-1.10.2.jar:/home/karakral/.m2/repository/org/mockito/mockito-core/5.7.0/mockito-core-5.7.0.jar:/home/karakral/.m2/repository/net/bytebuddy/byte-buddy-agent/1.14.12/byte-buddy-agent-1.14.12.jar:/home/karakral/.m2/repository/org/objenesis/objenesis/3.3/objenesis-3.3.jar:/home/karakral/.m2/repository/org/mockito/mockito-junit-jupiter/5.7.0/mockito-junit-jupiter-5.7.0.jar:/home/karakral/.m2/repository/org/skyscreamer/jsonassert/1.5.1/jsonassert-1.5.1.jar:/home/karakral/.m2/repository/com/vaadin/external/google/android-json/0.0.20131108.vaadin1/android-json-0.0.20131108.vaadin1.jar:/home/karakral/.m2/repository/org/springframework/spring-core/6.1.5/spring-core-6.1.5.jar:/home/karakral/.m2/repository/org/springframework/spring-jcl/6.1.5/spring-jcl-6.1.5.jar:/home/karakral/.m2/repository/org/springframework/spring-test/6.1.5/spring-test-6.1.5.jar:/home/karakral/.m2/repository/org/xmlunit/xmlunit-core/2.9.1/xmlunit-core-2.9.1.jar:/home/karakral/.m2/repository/org/springframework/boot/spring-boot-starter-data-redis/3.2.4/spring-boot-starter-data-redis-3.2.4.jar:/home/karakral/.m2/repository/org/springframework/data/spring-data-redis/3.2.4/spring-data-redis-3.2.4.jar:/home/karakral/.m2/repository/org/springframework/data/spring-data-keyvalue/3.2.4/spring-data-keyvalue-3.2.4.jar:/home/karakral/.m2/repository/org/springframework/data/spring-data-commons/3.2.4/spring-data-commons-3.2.4.jar:/home/karakral/.m2/repository/org/springframework/spring-tx/6.1.5/spring-tx-6.1.5.jar:/home/karakral/.m2/repository/org/springframework/spring-oxm/6.1.5/spring-oxm-6.1.5.jar:/home/karakral/.m2/repository/org/springframework/spring-context-support/6.1.5/spring-context-support-6.1.5.jar:/home/karakral/.m2/repository/org/projectlombok/lombok/1.18.30/lombok-1.18.30.jar:/home/karakral/.m2/repository/redis/clients/jedis/5.0.2/jedis-5.0.2.jar:/home/karakral/.m2/repository/org/slf4j/slf4j-api/2.0.12/slf4j-api-2.0.12.jar:/home/karakral/.m2/repository/org/apache/commons/commons-pool2/2.12.0/commons-pool2-2.12.0.jar:/home/karakral/.m2/repository/org/json/json/20231013/json-20231013.jar:/home/karakral/.m2/repository/com/google/code/gson/gson/2.10.1/gson-2.10.1.jar:"/>
    <property name="sun.cpu.endian" value="little"/>
    <property name="user.home" value="/home/karakral"/>
    <property name="user.language" value="en"/>
    <property name="java.specification.vendor" value="Oracle Corporation"/>
    <property name="java.version.date" value="2022-01-18"/>
    <property name="java.home" value="/opt/jdk/jdk-17.0.2"/>
    <property name="file.separator" value="/"/>
    <property name="basedir" value="/home/karakral/projects/redis"/>
    <property name="java.vm.compressedOopsMode" value="Zero based"/>
    <property name="line.separator" value="&#10;"/>
    <property name="java.specification.name" value="Java Platform API Specification"/>
    <property name="java.vm.specification.vendor" value="Oracle Corporation"/>
    <property name="FILE_LOG_CHARSET" value="UTF-8"/>
    <property name="java.awt.headless" value="true"/>
    <property name="surefire.real.class.path" value="/home/karakral/projects/redis/target/surefire/surefirebooter-20240325142024579_3.jar"/>
    <property name="sun.management.compiler" value="HotSpot 64-Bit Tiered Compilers"/>
    <property name="java.runtime.version" value="17.0.2+8-LTS-86"/>
    <property name="user.name" value="karakral"/>
    <property name="path.separator" value=":"/>
    <property name="os.version" value="6.2.0-36-generic"/>
    <property name="java.runtime.name" value="Java(TM) SE Runtime Environment"/>
    <property name="file.encoding" value="UTF-8"/>
    <property name="java.vm.name" value="Java HotSpot(TM) 64-Bit Server VM"/>
    <property name="localRepository" value="/home/karakral/.m2/repository"/>
    <property name="java.vendor.url.bug" value="https://bugreport.java.com/bugreport/"/>
    <property name="java.io.tmpdir" value="/tmp"/>
    <property name="java.version" value="17.0.2"/>
    <property name="user.dir" value="/home/karakral/projects/redis"/>
    <property name="os.arch" value="amd64"/>
    <property name="java.vm.specification.name" value="Java Virtual Machine Specification"/>
    <property name="PID" value="104146"/>
    <property name="CONSOLE_LOG_CHARSET" value="UTF-8"/>
    <property name="native.encoding" value="UTF-8"/>
    <property name="java.library.path" value="/usr/java/packages/lib:/usr/lib64:/lib64:/lib:/usr/lib"/>
    <property name="java.vm.info" value="mixed mode, sharing"/>
    <property name="java.vendor" value="Oracle Corporation"/>
    <property name="java.vm.version" value="17.0.2+8-LTS-86"/>
    <property name="sun.io.unicode.encoding" value="UnicodeLittle"/>
    <property name="java.class.version" value="61.0"/>
    <property name="LOGGED_APPLICATION_NAME" value="[redis] "/>
  </properties>
  <testcase name="contextLoads" classname="com.example.redis.RedisApplicationTests" time="0.473">
    <system-out><![CDATA[14:20:25.073 [main] INFO org.springframework.test.context.support.AnnotationConfigContextLoaderUtils -- Could not detect default configuration classes for test class [com.example.redis.RedisApplicationTests]: RedisApplicationTests does not declare any static, non-private, non-final, nested classes annotated with @Configuration.
14:20:25.124 [main] INFO org.springframework.boot.test.context.SpringBootTestContextBootstrapper -- Found @SpringBootConfiguration com.example.redis.RedisApplication for test class com.example.redis.RedisApplicationTests

  .   ____          _            __ _ _
 /\\ / ___'_ __ _ _(_)_ __  __ _ \ \ \ \
( ( )\___ | '_ | '_| | '_ \/ _` | \ \ \ \
 \\/  ___)| |_)| | | | | || (_| |  ) ) ) )
  '  |____| .__|_| |_|_| |_\__, | / / / /
 =========|_|==============|___/=/_/_/_/
 :: Spring Boot ::                (v3.2.4)

2024-03-25T14:20:25.367+04:30  WARN 104146 --- [redis] [           main] ory$DuplicateJsonObjectContextCustomizer : 

Found multiple occurrences of org.json.JSONObject on the class path:

	jar:file:/home/karakral/.m2/repository/com/vaadin/external/google/android-json/0.0.20131108.vaadin1/android-json-0.0.20131108.vaadin1.jar!/org/json/JSONObject.class
	jar:file:/home/karakral/.m2/repository/org/json/json/20231013/json-20231013.jar!/org/json/JSONObject.class

You may wish to exclude one of them to ensure predictable runtime behavior

2024-03-25T14:20:25.378+04:30  INFO 104146 --- [redis] [           main] c.example.redis.RedisApplicationTests    : Starting RedisApplicationTests using Java 17.0.2 with PID 104146 (started by karakral in /home/karakral/projects/redis)
2024-03-25T14:20:25.379+04:30  INFO 104146 --- [redis] [           main] c.example.redis.RedisApplicationTests    : No active profile set, falling back to 1 default profile: "default"
2024-03-25T14:20:25.836+04:30  INFO 104146 --- [redis] [           main] .s.d.r.c.RepositoryConfigurationDelegate : Multiple Spring Data modules found, entering strict repository configuration mode
2024-03-25T14:20:25.837+04:30  INFO 104146 --- [redis] [           main] .s.d.r.c.RepositoryConfigurationDelegate : Bootstrapping Spring Data Redis repositories in DEFAULT mode.
2024-03-25T14:20:25.910+04:30  INFO 104146 --- [redis] [           main] .s.d.r.c.RepositoryConfigurationDelegate : Finished Spring Data repository scanning in 62 ms. Found 1 Redis repository interface.
2024-03-25T14:20:26.683+04:30  INFO 104146 --- [redis] [           main] c.example.redis.RedisApplicationTests    : Started RedisApplicationTests in 1.475 seconds (process running for 2.05)
]]></system-out>
  </testcase>
</testsuite>